<?xml version="1.0" encoding="UTF-8"?>
<testsuite name="TwoferTest" tests="4" skipped="0" failures="0" errors="0" timestamp="2017-10-31T16:37:58" hostname="DESKTOP-V4K5UND" time="0.004">
  <properties/>
  <testcase name="noNameGiven" classname="TwoferTest" time="0.001"/>
  <testcase name="emptyStringGiven" classname="TwoferTest" time="0.0"/>
  <testcase name="aNameGiven" classname="TwoferTest" time="0.001"/>
  <testcase name="anotherNameGiven" classname="TwoferTest" time="0.001"/>
  <system-out><![CDATA[]]></system-out>
  <system-err><![CDATA[]]></system-err>
</testsuite>
